build/outputs/logs/manifest-merger-debug-report.txt
-- Merging decision tree log ---
manifest
ADDED from MyProject\FriendsOfTheBall\AndroidManifest.xml:2:1-124:12
	xmlns:android
		ADDED from MyProject\FriendsOfTheBall\AndroidManifest.xml:2:11-69
	package
		ADDED from MyProject\FriendsOfTheBall\AndroidManifest.xml:3:5-28
	android:versionName
		ADDED from MyProject\FriendsOfTheBall\AndroidManifest.xml:5:5-34
		INJECTED from MyProject\FriendsOfTheBall\AndroidManifest.xml
		INJECTED from MyProject\FriendsOfTheBall\AndroidManifest.xml
	android:versionCode
		ADDED from MyProject\FriendsOfTheBall\AndroidManifest.xml:4:5-28
		INJECTED from MyProject\FriendsOfTheBall\AndroidManifest.xml
		INJECTED from MyProject\FriendsOfTheBall\AndroidManifest.xml
uses-sdk
ADDED from MyProject\FriendsOfTheBall\AndroidManifest.xml:7:5-9:41
MERGED from [FriendsOfTheBall:Afinal2:unspecified] AndroidManifest.xml:5:5-7:40
	android:targetSdkVersion
		ADDED from MyProject\FriendsOfTheBall\AndroidManifest.xml:9:9-38
	android:minSdkVersion
		ADDED from MyProject\FriendsOfTheBall\AndroidManifest.xml:8:9-35
uses-permission#android.permission.ACCESS_COARSE_LOCATION
ADDED from MyProject\FriendsOfTheBall\AndroidManifest.xml:12:5-81
	android:name
		ADDED from MyProject\FriendsOfTheBall\AndroidManifest.xml:12:22-78
uses-permission#android.permission.ACCESS_FINE_LOCATION
ADDED from MyProject\FriendsOfTheBall\AndroidManifest.xml:13:5-79
	android:name
		ADDED from MyProject\FriendsOfTheBall\AndroidManifest.xml:13:22-76
uses-permission#android.permission.ACCESS_WIFI_STATE
ADDED from MyProject\FriendsOfTheBall\AndroidManifest.xml:14:5-76
	android:name
		ADDED from MyProject\FriendsOfTheBall\AndroidManifest.xml:14:22-73
uses-permission#android.permission.ACCESS_NETWORK_STATE
ADDED from MyProject\FriendsOfTheBall\AndroidManifest.xml:15:5-79
	android:name
		ADDED from MyProject\FriendsOfTheBall\AndroidManifest.xml:15:22-76
uses-permission#android.permission.CHANGE_WIFI_STATE
ADDED from MyProject\FriendsOfTheBall\AndroidManifest.xml:16:5-76
	android:name
		ADDED from MyProject\FriendsOfTheBall\AndroidManifest.xml:16:22-73
uses-permission#android.permission.READ_PHONE_STATE
ADDED from MyProject\FriendsOfTheBall\AndroidManifest.xml:17:5-75
	android:name
		ADDED from MyProject\FriendsOfTheBall\AndroidManifest.xml:17:22-72
uses-permission#android.permission.WRITE_EXTERNAL_STORAGE
ADDED from MyProject\FriendsOfTheBall\AndroidManifest.xml:18:5-81
	android:name
		ADDED from MyProject\FriendsOfTheBall\AndroidManifest.xml:18:22-78
uses-permission#android.permission.INTERNET
ADDED from MyProject\FriendsOfTheBall\AndroidManifest.xml:19:5-67
	android:name
		ADDED from MyProject\FriendsOfTheBall\AndroidManifest.xml:19:22-64
uses-permission#android.permission.MOUNT_UNMOUNT_FILESYSTEMS
ADDED from MyProject\FriendsOfTheBall\AndroidManifest.xml:20:5-84
	android:name
		ADDED from MyProject\FriendsOfTheBall\AndroidManifest.xml:20:22-81
uses-permission#android.permission.READ_LOGS
ADDED from MyProject\FriendsOfTheBall\AndroidManifest.xml:21:5-68
	android:name
		ADDED from MyProject\FriendsOfTheBall\AndroidManifest.xml:21:22-65
application
ADDED from MyProject\FriendsOfTheBall\AndroidManifest.xml:23:5-116:19
	android:label
		ADDED from MyProject\FriendsOfTheBall\AndroidManifest.xml:27:9-41
	android:allowBackup
		ADDED from MyProject\FriendsOfTheBall\AndroidManifest.xml:25:9-35
	android:icon
		ADDED from MyProject\FriendsOfTheBall\AndroidManifest.xml:26:9-45
	android:theme
		ADDED from MyProject\FriendsOfTheBall\AndroidManifest.xml:28:9-40
	android:name
		ADDED from MyProject\FriendsOfTheBall\AndroidManifest.xml:24:9-35
activity#com.fob.balls.WelcomePageActivity
ADDED from MyProject\FriendsOfTheBall\AndroidManifest.xml:29:9-38:20
	android:screenOrientation
		ADDED from MyProject\FriendsOfTheBall\AndroidManifest.xml:32:13-49
	android:label
		ADDED from MyProject\FriendsOfTheBall\AndroidManifest.xml:31:13-45
	android:name
		ADDED from MyProject\FriendsOfTheBall\AndroidManifest.xml:30:13-61
intent-filter#android.intent.action.MAIN+android.intent.category.LAUNCHER
ADDED from MyProject\FriendsOfTheBall\AndroidManifest.xml:33:13-37:29
action#android.intent.action.MAIN
ADDED from MyProject\FriendsOfTheBall\AndroidManifest.xml:34:17-69
	android:name
		ADDED from MyProject\FriendsOfTheBall\AndroidManifest.xml:34:25-66
category#android.intent.category.LAUNCHER
ADDED from MyProject\FriendsOfTheBall\AndroidManifest.xml:36:17-77
	android:name
		ADDED from MyProject\FriendsOfTheBall\AndroidManifest.xml:36:27-74
activity#com.fob.balls.RegisterActivity
ADDED from MyProject\FriendsOfTheBall\AndroidManifest.xml:39:9-41:52
	android:screenOrientation
		ADDED from MyProject\FriendsOfTheBall\AndroidManifest.xml:41:13-49
	android:name
		ADDED from MyProject\FriendsOfTheBall\AndroidManifest.xml:40:13-58
activity#com.fob.balls.RegisterCheckActivity
ADDED from MyProject\FriendsOfTheBall\AndroidManifest.xml:42:9-44:52
	android:screenOrientation
		ADDED from MyProject\FriendsOfTheBall\AndroidManifest.xml:44:13-49
	android:name
		ADDED from MyProject\FriendsOfTheBall\AndroidManifest.xml:43:13-63
activity#com.fob.balls.LoginActivity
ADDED from MyProject\FriendsOfTheBall\AndroidManifest.xml:45:9-49:55
	android:windowSoftInputMode
		ADDED from MyProject\FriendsOfTheBall\AndroidManifest.xml:49:13-52
	android:screenOrientation
		ADDED from MyProject\FriendsOfTheBall\AndroidManifest.xml:48:13-49
	android:name
		ADDED from MyProject\FriendsOfTheBall\AndroidManifest.xml:46:13-55
	android:launchMode
		ADDED from MyProject\FriendsOfTheBall\AndroidManifest.xml:47:13-44
activity#com.fob.balls.ForgetActivity
ADDED from MyProject\FriendsOfTheBall\AndroidManifest.xml:50:9-52:52
	android:screenOrientation
		ADDED from MyProject\FriendsOfTheBall\AndroidManifest.xml:52:13-49
	android:name
		ADDED from MyProject\FriendsOfTheBall\AndroidManifest.xml:51:13-56
activity#com.fob.balls.SetNameActivity
ADDED from MyProject\FriendsOfTheBall\AndroidManifest.xml:53:9-55:52
	android:screenOrientation
		ADDED from MyProject\FriendsOfTheBall\AndroidManifest.xml:55:13-49
	android:name
		ADDED from MyProject\FriendsOfTheBall\AndroidManifest.xml:54:13-57
activity#com.fob.balls.SetCityActivity
ADDED from MyProject\FriendsOfTheBall\AndroidManifest.xml:56:9-58:52
	android:screenOrientation
		ADDED from MyProject\FriendsOfTheBall\AndroidManifest.xml:58:13-49
	android:name
		ADDED from MyProject\FriendsOfTheBall\AndroidManifest.xml:57:13-57
activity#com.fob.balls.SetBallsActivity
ADDED from MyProject\FriendsOfTheBall\AndroidManifest.xml:59:9-61:52
	android:screenOrientation
		ADDED from MyProject\FriendsOfTheBall\AndroidManifest.xml:61:13-49
	android:name
		ADDED from MyProject\FriendsOfTheBall\AndroidManifest.xml:60:13-58
activity#com.fob.balls.PlacesSearchActivity
ADDED from MyProject\FriendsOfTheBall\AndroidManifest.xml:62:9-64:52
	android:screenOrientation
		ADDED from MyProject\FriendsOfTheBall\AndroidManifest.xml:64:13-49
	android:name
		ADDED from MyProject\FriendsOfTheBall\AndroidManifest.xml:63:13-62
activity#com.fob.page.FOBPageFriendsSearch
ADDED from MyProject\FriendsOfTheBall\AndroidManifest.xml:65:9-67:52
	android:screenOrientation
		ADDED from MyProject\FriendsOfTheBall\AndroidManifest.xml:67:13-49
	android:name
		ADDED from MyProject\FriendsOfTheBall\AndroidManifest.xml:66:13-61
activity#com.fob.balls.FriendsAddActivity
ADDED from MyProject\FriendsOfTheBall\AndroidManifest.xml:68:9-70:52
	android:screenOrientation
		ADDED from MyProject\FriendsOfTheBall\AndroidManifest.xml:70:13-49
	android:name
		ADDED from MyProject\FriendsOfTheBall\AndroidManifest.xml:69:13-60
activity#com.fob.balls.FriendsRenameActivity
ADDED from MyProject\FriendsOfTheBall\AndroidManifest.xml:71:9-73:52
	android:screenOrientation
		ADDED from MyProject\FriendsOfTheBall\AndroidManifest.xml:73:13-49
	android:name
		ADDED from MyProject\FriendsOfTheBall\AndroidManifest.xml:72:13-63
activity#com.fob.balls.InfoSettingActivity
ADDED from MyProject\FriendsOfTheBall\AndroidManifest.xml:74:9-76:52
	android:screenOrientation
		ADDED from MyProject\FriendsOfTheBall\AndroidManifest.xml:76:13-49
	android:name
		ADDED from MyProject\FriendsOfTheBall\AndroidManifest.xml:75:13-61
activity#com.fob.balls.RemindActivity
ADDED from MyProject\FriendsOfTheBall\AndroidManifest.xml:77:9-79:52
	android:screenOrientation
		ADDED from MyProject\FriendsOfTheBall\AndroidManifest.xml:79:13-49
	android:name
		ADDED from MyProject\FriendsOfTheBall\AndroidManifest.xml:78:13-56
activity#com.fob.balls.RemindTimeActivity
ADDED from MyProject\FriendsOfTheBall\AndroidManifest.xml:80:9-82:52
	android:screenOrientation
		ADDED from MyProject\FriendsOfTheBall\AndroidManifest.xml:82:13-49
	android:name
		ADDED from MyProject\FriendsOfTheBall\AndroidManifest.xml:81:13-60
activity#com.fob.balls.AboutActivity
ADDED from MyProject\FriendsOfTheBall\AndroidManifest.xml:83:9-85:52
	android:screenOrientation
		ADDED from MyProject\FriendsOfTheBall\AndroidManifest.xml:85:13-49
	android:name
		ADDED from MyProject\FriendsOfTheBall\AndroidManifest.xml:84:13-55
activity#com.fob.balls.MapActivity
ADDED from MyProject\FriendsOfTheBall\AndroidManifest.xml:86:9-88:52
	android:screenOrientation
		ADDED from MyProject\FriendsOfTheBall\AndroidManifest.xml:88:13-49
	android:name
		ADDED from MyProject\FriendsOfTheBall\AndroidManifest.xml:87:13-53
activity#com.fob.balls.PasswordSettingActivity
ADDED from MyProject\FriendsOfTheBall\AndroidManifest.xml:89:9-91:52
	android:screenOrientation
		ADDED from MyProject\FriendsOfTheBall\AndroidManifest.xml:91:13-49
	android:name
		ADDED from MyProject\FriendsOfTheBall\AndroidManifest.xml:90:13-65
service#com.baidu.location.f
ADDED from MyProject\FriendsOfTheBall\AndroidManifest.xml:93:9-101:19
	android:process
		ADDED from MyProject\FriendsOfTheBall\AndroidManifest.xml:96:13-38
	android:enabled
		ADDED from MyProject\FriendsOfTheBall\AndroidManifest.xml:95:13-35
	android:name
		ADDED from MyProject\FriendsOfTheBall\AndroidManifest.xml:94:13-48
intent-filter#com.baidu.location.service_v2.2
ADDED from MyProject\FriendsOfTheBall\AndroidManifest.xml:97:13-100:29
action#com.baidu.location.service_v2.2
ADDED from MyProject\FriendsOfTheBall\AndroidManifest.xml:98:17-99:26
	android:name
		ADDED from MyProject\FriendsOfTheBall\AndroidManifest.xml:98:25-71
meta-data#com.baidu.lbsapi.API_KEY
ADDED from MyProject\FriendsOfTheBall\AndroidManifest.xml:104:9-106:56
	android:name
		ADDED from MyProject\FriendsOfTheBall\AndroidManifest.xml:105:13-52
	android:value
		ADDED from MyProject\FriendsOfTheBall\AndroidManifest.xml:106:13-53
meta-data#UMENG_APPKEY
ADDED from MyProject\FriendsOfTheBall\AndroidManifest.xml:108:9-110:56
	android:name
		ADDED from MyProject\FriendsOfTheBall\AndroidManifest.xml:109:13-40
	android:value
		ADDED from MyProject\FriendsOfTheBall\AndroidManifest.xml:110:13-53
meta-data#UMENG_CHANNEL
ADDED from MyProject\FriendsOfTheBall\AndroidManifest.xml:111:9-113:37
	android:name
		ADDED from MyProject\FriendsOfTheBall\AndroidManifest.xml:112:13-41
	android:value
		ADDED from MyProject\FriendsOfTheBall\AndroidManifest.xml:113:13-34
uses-library#android.test.runner
ADDED from MyProject\FriendsOfTheBall\AndroidManifest.xml:115:9-60
	android:name
		ADDED from MyProject\FriendsOfTheBall\AndroidManifest.xml:115:23-57
instrumentation#android.test.InstrumentationTestRunner
ADDED from MyProject\FriendsOfTheBall\AndroidManifest.xml:119:5-122:49
	android:label
		ADDED from MyProject\FriendsOfTheBall\AndroidManifest.xml:121:9-41
	android:targetPackage
		ADDED from MyProject\FriendsOfTheBall\AndroidManifest.xml:122:9-46
	android:name
		ADDED from MyProject\FriendsOfTheBall\AndroidManifest.xml:120:9-62